<?xml version="1.0" encoding="UTF-8"?>
<!-- Generated by org.testng.reporters.JUnitReportReporter -->
<testsuite hostname="Shaunenoch" failures="1" tests="9" name="runner.TestRunner" time="17.247" errors="2" timestamp="2023-11-20T18:48:41 EST" skipped="0">
  <testcase classname="runner.TestRunner" name="runScenario" time="0.489">
    <error message="com.fasterxml.jackson.databind.exc.UnrecognizedPropertyException: Unrecognized field &quot;token&quot; (class api.response.PostPatient_response), not marked as ignorable (12 known properties: &quot;patientId&quot;, &quot;LastName&quot;, &quot;DieticianId&quot;, &quot;FileMorbidity&quot;, &quot;FileMorbidityCondition&quot;, &quot;fileId&quot;, &quot;ContactNumber&quot;, &quot;DateOfBirth&quot;, &quot;FirstName&quot;, &quot;Email&quot;, &quot;Allergy&quot;, &quot;FoodCategory&quot;])
 at [Source: (String)&quot;{&quot;token&quot;:&quot;eyJhbGciOiJIUzUxMiJ9.eyJzdWIiOiJhZGVsaW5lZ3JhY2UuYUBnbWFpbC5jb20iLCJpYXQiOjE3MDA1MjQxMTUsImV4cCI6MTcwMDU1MjkxNX0.NVgyZ7fni7P_Y-GKFHZhU5GZ3BMx1mxfxBAkSnH-a25xH0dk-drHfxcqTRVnnlqgeU0do3stUCjScWnQRToQ-A&quot;,&quot;type&quot;:&quot;Bearer &quot;,&quot;userId&quot;:107,&quot;loginUserEmail&quot;:&quot;adelinegrace.a@gmail.com&quot;,&quot;roles&quot;:[&quot;ROLE_DIETICIAN&quot;]}&quot;; line: 1, column: 11] (through reference chain: api.response.PostPatient_response[&quot;token&quot;])" type="java.lang.RuntimeException">
      <![CDATA[java.lang.RuntimeException: com.fasterxml.jackson.databind.exc.UnrecognizedPropertyException: Unrecognized field "token" (class api.response.PostPatient_response), not marked as ignorable (12 known properties: "patientId", "LastName", "DieticianId", "FileMorbidity", "FileMorbidityCondition", "fileId", "ContactNumber", "DateOfBirth", "FirstName", "Email", "Allergy", "FoodCategory"])
 at [Source: (String)"{"token":"eyJhbGciOiJIUzUxMiJ9.eyJzdWIiOiJhZGVsaW5lZ3JhY2UuYUBnbWFpbC5jb20iLCJpYXQiOjE3MDA1MjQxMTUsImV4cCI6MTcwMDU1MjkxNX0.NVgyZ7fni7P_Y-GKFHZhU5GZ3BMx1mxfxBAkSnH-a25xH0dk-drHfxcqTRVnnlqgeU0do3stUCjScWnQRToQ-A","type":"Bearer ","userId":107,"loginUserEmail":"adelinegrace.a@gmail.com","roles":["ROLE_DIETICIAN"]}"; line: 1, column: 11] (through reference chain: api.response.PostPatient_response["token"])
at io.restassured.internal.path.json.mapping.JsonPathJackson2ObjectDeserializer.deserialize(JsonPathJackson2ObjectDeserializer.java:30)
at io.restassured.path.json.mapping.JsonPathObjectDeserializer$deserialize.call(Unknown Source)
at io.restassured.internal.mapping.Jackson2Mapper.deserialize(Jackson2Mapper.groovy:58)
at io.restassured.mapper.ObjectMapper$deserialize$0.call(Unknown Source)
at io.restassured.internal.mapping.ObjectMapping.parseWithJackson2(ObjectMapping.groovy:254)
at io.restassured.internal.mapping.ObjectMapping$parseWithJackson2$1.callStatic(Unknown Source)
at io.restassured.internal.mapping.ObjectMapping.deserialize(ObjectMapping.groovy:56)
at io.restassured.internal.mapping.ObjectMapping$deserialize$0.call(Unknown Source)
at io.restassured.internal.RestAssuredResponseOptionsGroovyImpl.as(RestAssuredResponseOptionsGroovyImpl.groovy:229)
at io.restassured.internal.RestAssuredResponseOptionsImpl.as(RestAssuredResponseOptionsImpl.java:169)
at api.stepdefinition.Post_StepDefinition.user_receives_response_for_post_with(Post_StepDefinition.java:126)
at ✽.User receives response for POST "patient" with "Post_Patient_Missing_File"(file:///C:/Users/shaun/git/repository3/DieticianAPI_RestAssured/src/test/resources/Feature/PostRequest.feature:11)
Caused by: com.fasterxml.jackson.databind.exc.UnrecognizedPropertyException: Unrecognized field "token" (class api.response.PostPatient_response), not marked as ignorable (12 known properties: "patientId", "LastName", "DieticianId", "FileMorbidity", "FileMorbidityCondition", "fileId", "ContactNumber", "DateOfBirth", "FirstName", "Email", "Allergy", "FoodCategory"])
 at [Source: (String)"{"token":"eyJhbGciOiJIUzUxMiJ9.eyJzdWIiOiJhZGVsaW5lZ3JhY2UuYUBnbWFpbC5jb20iLCJpYXQiOjE3MDA1MjQxMTUsImV4cCI6MTcwMDU1MjkxNX0.NVgyZ7fni7P_Y-GKFHZhU5GZ3BMx1mxfxBAkSnH-a25xH0dk-drHfxcqTRVnnlqgeU0do3stUCjScWnQRToQ-A","type":"Bearer ","userId":107,"loginUserEmail":"adelinegrace.a@gmail.com","roles":["ROLE_DIETICIAN"]}"; line: 1, column: 11] (through reference chain: api.response.PostPatient_response["token"])
at com.fasterxml.jackson.databind.exc.UnrecognizedPropertyException.from(UnrecognizedPropertyException.java:61)
at com.fasterxml.jackson.databind.DeserializationContext.handleUnknownProperty(DeserializationContext.java:1138)
at com.fasterxml.jackson.databind.deser.std.StdDeserializer.handleUnknownProperty(StdDeserializer.java:2224)
at com.fasterxml.jackson.databind.deser.BeanDeserializerBase.handleUnknownProperty(BeanDeserializerBase.java:1709)
at com.fasterxml.jackson.databind.deser.BeanDeserializerBase.handleUnknownVanilla(BeanDeserializerBase.java:1687)
at com.fasterxml.jackson.databind.deser.BeanDeserializer.vanillaDeserialize(BeanDeserializer.java:320)
at com.fasterxml.jackson.databind.deser.BeanDeserializer.deserialize(BeanDeserializer.java:177)
at com.fasterxml.jackson.databind.deser.DefaultDeserializationContext.readRootValue(DefaultDeserializationContext.java:323)
at com.fasterxml.jackson.databind.ObjectMapper._readMapAndClose(ObjectMapper.java:4825)
at com.fasterxml.jackson.databind.ObjectMapper.readValue(ObjectMapper.java:3772)
at io.restassured.internal.path.json.mapping.JsonPathJackson2ObjectDeserializer.deserialize(JsonPathJackson2ObjectDeserializer.java:28)
at io.restassured.path.json.mapping.JsonPathObjectDeserializer$deserialize.call(Unknown Source)
at io.restassured.internal.mapping.Jackson2Mapper.deserialize(Jackson2Mapper.groovy:58)
at io.restassured.mapper.ObjectMapper$deserialize$0.call(Unknown Source)
at io.restassured.internal.mapping.ObjectMapping.parseWithJackson2(ObjectMapping.groovy:254)
at io.restassured.internal.mapping.ObjectMapping$parseWithJackson2$1.callStatic(Unknown Source)
at io.restassured.internal.mapping.ObjectMapping.deserialize(ObjectMapping.groovy:56)
at io.restassured.internal.mapping.ObjectMapping$deserialize$0.call(Unknown Source)
at io.restassured.internal.RestAssuredResponseOptionsGroovyImpl.as(RestAssuredResponseOptionsGroovyImpl.groovy:229)
at io.restassured.internal.RestAssuredResponseOptionsImpl.as(RestAssuredResponseOptionsImpl.java:169)
at api.stepdefinition.Post_StepDefinition.user_receives_response_for_post_with(Post_StepDefinition.java:126)
at java.base/jdk.internal.reflect.DirectMethodHandleAccessor.invoke(DirectMethodHandleAccessor.java:104)
at java.base/java.lang.reflect.Method.invoke(Method.java:578)
at io.cucumber.java.Invoker.doInvoke(Invoker.java:66)
at io.cucumber.java.Invoker.invoke(Invoker.java:24)
at io.cucumber.java.AbstractGlueDefinition.invokeMethod(AbstractGlueDefinition.java:47)
at io.cucumber.java.JavaStepDefinition.execute(JavaStepDefinition.java:29)
at io.cucumber.core.runner.CoreStepDefinition.execute(CoreStepDefinition.java:66)
at io.cucumber.core.runner.PickleStepDefinitionMatch.runStep(PickleStepDefinitionMatch.java:63)
at io.cucumber.core.runner.ExecutionMode$1.execute(ExecutionMode.java:10)
at io.cucumber.core.runner.TestStep.executeStep(TestStep.java:84)
at io.cucumber.core.runner.TestStep.run(TestStep.java:56)
at io.cucumber.core.runner.PickleStepTestStep.run(PickleStepTestStep.java:51)
at io.cucumber.core.runner.TestCase.run(TestCase.java:84)
at io.cucumber.core.runner.Runner.runPickle(Runner.java:75)
at io.cucumber.testng.TestNGCucumberRunner.lambda$runScenario$1(TestNGCucumberRunner.java:132)
at io.cucumber.core.runtime.CucumberExecutionContext.lambda$runTestCase$5(CucumberExecutionContext.java:137)
at io.cucumber.core.runtime.RethrowingThrowableCollector.executeAndThrow(RethrowingThrowableCollector.java:23)
at io.cucumber.core.runtime.CucumberExecutionContext.runTestCase(CucumberExecutionContext.java:137)
at io.cucumber.testng.TestNGCucumberRunner.runScenario(TestNGCucumberRunner.java:129)
at io.cucumber.testng.AbstractTestNGCucumberTests.runScenario(AbstractTestNGCucumberTests.java:35)
at java.base/jdk.internal.reflect.DirectMethodHandleAccessor.invoke(DirectMethodHandleAccessor.java:104)
at java.base/java.lang.reflect.Method.invoke(Method.java:578)
at org.testng.internal.invokers.MethodInvocationHelper.invokeMethod(MethodInvocationHelper.java:139)
at org.testng.internal.invokers.TestInvoker.invokeMethod(TestInvoker.java:664)
at org.testng.internal.invokers.TestInvoker.invokeTestMethod(TestInvoker.java:227)
at org.testng.internal.invokers.MethodRunner.runInSequence(MethodRunner.java:50)
at org.testng.internal.invokers.TestInvoker$MethodInvocationAgent.invoke(TestInvoker.java:957)
at org.testng.internal.invokers.TestInvoker.invokeTestMethods(TestInvoker.java:200)
at org.testng.internal.invokers.TestMethodWorker.invokeTestMethods(TestMethodWorker.java:148)
at org.testng.internal.invokers.TestMethodWorker.run(TestMethodWorker.java:128)
at java.base/java.util.ArrayList.forEach(ArrayList.java:1511)
at org.testng.TestRunner.privateRun(TestRunner.java:848)
at org.testng.TestRunner.run(TestRunner.java:621)
at org.testng.SuiteRunner.runTest(SuiteRunner.java:443)
at org.testng.SuiteRunner.runSequentially(SuiteRunner.java:437)
at org.testng.SuiteRunner.privateRun(SuiteRunner.java:397)
at org.testng.SuiteRunner.run(SuiteRunner.java:336)
at org.testng.SuiteRunnerWorker.runSuite(SuiteRunnerWorker.java:52)
at org.testng.SuiteRunnerWorker.run(SuiteRunnerWorker.java:95)
at org.testng.TestNG.runSuitesSequentially(TestNG.java:1280)
at org.testng.TestNG.runSuitesLocally(TestNG.java:1200)
at org.testng.TestNG.runSuites(TestNG.java:1114)
at org.testng.TestNG.run(TestNG.java:1082)
at org.testng.remote.AbstractRemoteTestNG.run(AbstractRemoteTestNG.java:115)
at org.testng.remote.RemoteTestNG.initAndRun(RemoteTestNG.java:251)
at org.testng.remote.RemoteTestNG.main(RemoteTestNG.java:77)
]]>
    </error>
  </testcase> <!-- runScenario -->
  <testcase classname="runner.TestRunner" name="runScenario" time="1.457"/>
  <testcase classname="runner.TestRunner" name="runScenario" time="10.891">
    <failure message="1 expectation failed.
Expected status code &lt;201&gt; but was &lt;200&gt;.
" type="java.lang.AssertionError">
      <![CDATA[java.lang.AssertionError: 1 expectation failed.
Expected status code <201> but was <200>.

at java.base/jdk.internal.reflect.DirectConstructorHandleAccessor.newInstance(DirectConstructorHandleAccessor.java:67)
at java.base/java.lang.reflect.Constructor.newInstanceWithCaller(Constructor.java:500)
at java.base/java.lang.reflect.Constructor.newInstance(Constructor.java:484)
at org.codehaus.groovy.reflection.CachedConstructor.invoke(CachedConstructor.java:73)
at org.codehaus.groovy.runtime.callsite.ConstructorSite$ConstructorSiteNoUnwrapNoCoerce.callConstructor(ConstructorSite.java:108)
at org.codehaus.groovy.runtime.callsite.CallSiteArray.defaultCallConstructor(CallSiteArray.java:57)
at org.codehaus.groovy.runtime.callsite.AbstractCallSite.callConstructor(AbstractCallSite.java:263)
at org.codehaus.groovy.runtime.callsite.AbstractCallSite.callConstructor(AbstractCallSite.java:277)
at io.restassured.internal.ResponseSpecificationImpl$HamcrestAssertionClosure.validate(ResponseSpecificationImpl.groovy:512)
at io.restassured.internal.ResponseSpecificationImpl$HamcrestAssertionClosure$validate$1.call(Unknown Source)
at io.restassured.internal.ResponseSpecificationImpl.validateResponseIfRequired(ResponseSpecificationImpl.groovy:696)
at io.restassured.internal.ResponseSpecificationImpl.this$2$validateResponseIfRequired(ResponseSpecificationImpl.groovy)
at java.base/jdk.internal.reflect.DirectMethodHandleAccessor.invoke(DirectMethodHandleAccessor.java:104)
at java.base/java.lang.reflect.Method.invoke(Method.java:578)
at org.codehaus.groovy.runtime.callsite.PlainObjectMetaMethodSite.doInvoke(PlainObjectMetaMethodSite.java:43)
at org.codehaus.groovy.runtime.callsite.PogoMetaMethodSite$PogoCachedMethodSiteNoUnwrapNoCoerce.invoke(PogoMetaMethodSite.java:198)
at org.codehaus.groovy.runtime.callsite.PogoMetaMethodSite.callCurrent(PogoMetaMethodSite.java:62)
at org.codehaus.groovy.runtime.callsite.AbstractCallSite.callCurrent(AbstractCallSite.java:185)
at io.restassured.internal.ResponseSpecificationImpl.statusCode(ResponseSpecificationImpl.groovy:135)
at io.restassured.specification.ResponseSpecification$statusCode$0.callCurrent(Unknown Source)
at io.restassured.internal.ResponseSpecificationImpl.statusCode(ResponseSpecificationImpl.groovy:143)
at io.restassured.internal.ValidatableResponseOptionsImpl.statusCode(ValidatableResponseOptionsImpl.java:89)
at api.stepdefinition.Post_StepDefinition.user_receives_response_for_post_with(Post_StepDefinition.java:105)
at ✽.User receives response for POST "patient" with "Post_Patient_Valid"(file:///C:/Users/shaun/git/repository3/DieticianAPI_RestAssured/src/test/resources/Feature/PostRequest.feature:11)
]]>
    </failure>
  </testcase> <!-- runScenario -->
  <testcase classname="runner.TestRunner" name="runScenario" time="0.635"/>
  <testcase classname="runner.TestRunner" name="runScenario" time="0.616"/>
  <testcase classname="runner.TestRunner" name="runScenario" time="0.727"/>
  <testcase classname="runner.TestRunner" name="runScenario" time="1.437"/>
  <testcase classname="runner.TestRunner" name="runScenario" time="0.699"/>
  <testcase classname="runner.TestRunner" name="runScenario" time="0.296">
    <error message="For input string: &quot;&quot;" type="java.lang.NumberFormatException">
      <![CDATA[java.lang.NumberFormatException: For input string: ""
at java.base/java.lang.NumberFormatException.forInputString(NumberFormatException.java:67)
at java.base/java.lang.Integer.parseInt(Integer.java:675)
at java.base/java.lang.Integer.parseInt(Integer.java:781)
at api.stepdefinition.Post_StepDefinition.CreatePatientRequest(Post_StepDefinition.java:162)
at api.stepdefinition.Post_StepDefinition.user_creates_post_request_for_the_dietician_api_endpoint_with(Post_StepDefinition.java:88)
at ✽.User creates POST Request for the Dietician  API endpoint with "patient" and "Post_Patient_Missing_DateOfBirth"(file:///C:/Users/shaun/git/repository3/DieticianAPI_RestAssured/src/test/resources/Feature/PostRequest.feature:9)
]]>
    </error>
  </testcase> <!-- runScenario -->
</testsuite> <!-- runner.TestRunner -->
